{
  "0 debug pnpm:scope": {
    "selected": 1
  },
  "1 error pnpm": {
    "errno": 1,
    "code": "ELIFECYCLE",
    "pkgid": "@exercism/typescript-resistor-color@1.0.0",
    "stage": "test",
    "script": "yarn lint:types && jest --no-cache",
    "pkgname": "@exercism/typescript-resistor-color",
    "err": {
      "name": "pnpm",
      "message": "@exercism/typescript-resistor-color@1.0.0 test: `yarn lint:types && jest --no-cache`\nExit status 1",
      "code": "ELIFECYCLE",
      "stack": "pnpm: @exercism/typescript-resistor-color@1.0.0 test: `yarn lint:types && jest --no-cache`\nExit status 1\n    at EventEmitter.<anonymous> (/usr/lib/node_modules/pnpm/dist/pnpm.cjs:107021:20)\n    at EventEmitter.emit (node:events:527:28)\n    at ChildProcess.<anonymous> (/usr/lib/node_modules/pnpm/dist/pnpm.cjs:93587:18)\n    at ChildProcess.emit (node:events:527:28)\n    at maybeClose (node:internal/child_process:1090:16)\n    at ChildProcess._handle.onexit (node:internal/child_process:302:5)"
    }
  },
  "2 warn pnpm:global": " Local package.json exists, but node_modules missing, did you mean to install?"
}